Build started 8/7/2020 1:17:33 AM.
Project "C:\JitenderN\REBook\printfWithChar\printfWithChar\printfWithChar.vcxproj" on node 2 (build target(s)).
PrepareForBuild:
  Creating directory "C:\JitenderN\REBook\printfWithChar\Debug\".
InitializeBuildStatus:
  Creating "Debug\printfWithChar.unsuccessfulbuild" because "AlwaysCreate" was specified.
ClCompile:
  C:\Program Files\Microsoft Visual Studio 10.0\VC\bin\CL.exe /c /ZI /nologo /W3 /WX- /Od /Oy- /D WIN32 /D _DEBUG /D _CONSOLE /D _UNICODE /D UNICODE /Gm /EHsc /RTC1 /MDd /GS /fp:precise /Zc:wchar_t /Zc:forScope /Yc"StdAfx.h" /Fp"Debug\printfWithChar.pch" /Fo"Debug\\" /Fd"Debug\vc100.pdb" /Gd /TP /analyze- /errorReport:prompt stdafx.cpp
  stdafx.cpp
  C:\Program Files\Microsoft Visual Studio 10.0\VC\bin\CL.exe /c /ZI /nologo /W3 /WX- /Od /Oy- /D WIN32 /D _DEBUG /D _CONSOLE /D _UNICODE /D UNICODE /Gm /EHsc /RTC1 /MDd /GS /fp:precise /Zc:wchar_t /Zc:forScope /Yu"StdAfx.h" /Fp"Debug\printfWithChar.pch" /Fo"Debug\\" /Fd"Debug\vc100.pdb" /Gd /TP /analyze- /errorReport:prompt printfWithChar.cpp
  printfWithChar.cpp
Link:
  C:\Program Files\Microsoft Visual Studio 10.0\VC\bin\link.exe /ERRORREPORT:PROMPT /OUT:"C:\JitenderN\REBook\printfWithChar\Debug\printfWithChar.exe" /INCREMENTAL:NO /NOLOGO kernel32.lib user32.lib gdi32.lib winspool.lib comdlg32.lib advapi32.lib shell32.lib ole32.lib oleaut32.lib uuid.lib odbc32.lib odbccp32.lib /MANIFEST /ManifestFile:"Debug\printfWithChar.exe.intermediate.manifest" /MANIFESTUAC:"level='asInvoker' uiAccess='false'" /DEBUG /PDB:"C:\JitenderN\REBook\printfWithChar\Debug\printfWithChar.pdb" /SUBSYSTEM:CONSOLE /TLBID:1 /DYNAMICBASE /NXCOMPAT /IMPLIB:"C:\JitenderN\REBook\printfWithChar\Debug\printfWithChar.lib" /MACHINE:X86 Debug\printfWithChar.obj
  Debug\stdafx.obj
printfWithChar.obj : warning LNK4075: ignoring '/EDITANDCONTINUE' due to '/INCREMENTAL:NO' specification
  printfWithChar.vcxproj -> C:\JitenderN\REBook\printfWithChar\Debug\printfWithChar.exe
Manifest:
  C:\Program Files\Microsoft SDKs\Windows\v7.0A\bin\mt.exe /nologo /verbose /outputresource:"C:\JitenderN\REBook\printfWithChar\Debug\printfWithChar.exe;#1" /manifest Debug\printfWithChar.exe.intermediate.manifest
FinalizeBuildStatus:
  Deleting file "Debug\printfWithChar.unsuccessfulbuild".
  Touching "Debug\printfWithChar.lastbuildstate".
Done Building Project "C:\JitenderN\REBook\printfWithChar\printfWithChar\printfWithChar.vcxproj" (build target(s)).

Build succeeded.

Time Elapsed 00:00:03.04
