Build started 8/14/2020 4:43:02 PM.
Project "C:\JitenderN\REBook\scanfWithIntegers\scanfWithIntegers\scanfWithIntegers.vcxproj" on node 2 (build target(s)).
InitializeBuildStatus:
  Creating "Debug\scanfWithIntegers.unsuccessfulbuild" because "AlwaysCreate" was specified.
ClCompile:
  C:\Program Files\Microsoft Visual Studio 10.0\VC\bin\CL.exe /c /ZI /nologo /W3 /WX- /Od /Oy- /D WIN32 /D _DEBUG /D _CONSOLE /D _UNICODE /D UNICODE /Gm /EHsc /RTC1 /MDd /GS /fp:precise /Zc:wchar_t /Zc:forScope /Yc"StdAfx.h" /Fp"Debug\scanfWithIntegers.pch" /Fo"Debug\\" /Fd"Debug\vc100.pdb" /Gd /TP /analyze- /errorReport:prompt stdafx.cpp
  stdafx.cpp
  C:\Program Files\Microsoft Visual Studio 10.0\VC\bin\CL.exe /c /ZI /nologo /W3 /WX- /Od /Oy- /D WIN32 /D _DEBUG /D _CONSOLE /D _UNICODE /D UNICODE /Gm /EHsc /RTC1 /MDd /GS /fp:precise /Zc:wchar_t /Zc:forScope /Yu"StdAfx.h" /Fp"Debug\scanfWithIntegers.pch" /Fo"Debug\\" /Fd"Debug\vc100.pdb" /Gd /TP /analyze- /errorReport:prompt scanfWithIntegers.cpp
  scanfWithIntegers.cpp
c:\jitendern\rebook\scanfwithintegers\scanfwithintegers\scanfwithintegers.cpp(10): warning C4996: 'scanf': This function or variable may be unsafe. Consider using scanf_s instead. To disable deprecation, use _CRT_SECURE_NO_WARNINGS. See online help for details.
          c:\program files\microsoft visual studio 10.0\vc\include\stdio.h(304) : see declaration of 'scanf'
Link:
  C:\Program Files\Microsoft Visual Studio 10.0\VC\bin\link.exe /ERRORREPORT:PROMPT /OUT:"C:\JitenderN\REBook\scanfWithIntegers\Debug\scanfWithIntegers.exe" /INCREMENTAL:NO /NOLOGO kernel32.lib user32.lib gdi32.lib winspool.lib comdlg32.lib advapi32.lib shell32.lib ole32.lib oleaut32.lib uuid.lib odbc32.lib odbccp32.lib /MANIFEST /ManifestFile:"Debug\scanfWithIntegers.exe.intermediate.manifest" /MANIFESTUAC:"level='asInvoker' uiAccess='false'" /DEBUG /PDB:"C:\JitenderN\REBook\scanfWithIntegers\Debug\scanfWithIntegers.pdb" /SUBSYSTEM:CONSOLE /TLBID:1 /DYNAMICBASE /NXCOMPAT /IMPLIB:"C:\JitenderN\REBook\scanfWithIntegers\Debug\scanfWithIntegers.lib" /MACHINE:X86 Debug\scanfWithIntegers.obj
  Debug\stdafx.obj
scanfWithIntegers.obj : warning LNK4075: ignoring '/EDITANDCONTINUE' due to '/INCREMENTAL:NO' specification
  scanfWithIntegers.vcxproj -> C:\JitenderN\REBook\scanfWithIntegers\Debug\scanfWithIntegers.exe
Manifest:
  C:\Program Files\Microsoft SDKs\Windows\v7.0A\bin\mt.exe /nologo /verbose /outputresource:"C:\JitenderN\REBook\scanfWithIntegers\Debug\scanfWithIntegers.exe;#1" /manifest Debug\scanfWithIntegers.exe.intermediate.manifest
FinalizeBuildStatus:
  Deleting file "Debug\scanfWithIntegers.unsuccessfulbuild".
  Touching "Debug\scanfWithIntegers.lastbuildstate".
Done Building Project "C:\JitenderN\REBook\scanfWithIntegers\scanfWithIntegers\scanfWithIntegers.vcxproj" (build target(s)).

Build succeeded.

Time Elapsed 00:00:02.35
