Build started 8/7/2020 4:30:44 PM.
Project "C:\JitenderN\REBook\SimpleInterestCalculation\SimpleInterestCalculation\SimpleInterestCalculation.vcxproj" on node 2 (build target(s)).
InitializeBuildStatus:
  Creating "Debug\SimpleInterestCalculation.unsuccessfulbuild" because "AlwaysCreate" was specified.
ClCompile:
  C:\Program Files\Microsoft Visual Studio 10.0\VC\bin\CL.exe /c /ZI /nologo /W3 /WX- /Od /Oy- /D WIN32 /D _DEBUG /D _CONSOLE /D _UNICODE /D UNICODE /Gm /EHsc /RTC1 /MDd /GS /fp:precise /Zc:wchar_t /Zc:forScope /Yc"StdAfx.h" /Fp"Debug\SimpleInterestCalculation.pch" /Fo"Debug\\" /Fd"Debug\vc100.pdb" /Gd /TP /analyze- /errorReport:prompt stdafx.cpp
  stdafx.cpp
  C:\Program Files\Microsoft Visual Studio 10.0\VC\bin\CL.exe /c /ZI /nologo /W3 /WX- /Od /Oy- /D WIN32 /D _DEBUG /D _CONSOLE /D _UNICODE /D UNICODE /Gm /EHsc /RTC1 /MDd /GS /fp:precise /Zc:wchar_t /Zc:forScope /Yu"StdAfx.h" /Fp"Debug\SimpleInterestCalculation.pch" /Fo"Debug\\" /Fd"Debug\vc100.pdb" /Gd /TP /analyze- /errorReport:prompt SimpleInterestCalculation.cpp
  SimpleInterestCalculation.cpp
Link:
  C:\Program Files\Microsoft Visual Studio 10.0\VC\bin\link.exe /ERRORREPORT:PROMPT /OUT:"C:\JitenderN\REBook\SimpleInterestCalculation\Debug\SimpleInterestCalculation.exe" /INCREMENTAL:NO /NOLOGO kernel32.lib user32.lib gdi32.lib winspool.lib comdlg32.lib advapi32.lib shell32.lib ole32.lib oleaut32.lib uuid.lib odbc32.lib odbccp32.lib /MANIFEST /ManifestFile:"Debug\SimpleInterestCalculation.exe.intermediate.manifest" /MANIFESTUAC:"level='asInvoker' uiAccess='false'" /DEBUG /PDB:"C:\JitenderN\REBook\SimpleInterestCalculation\Debug\SimpleInterestCalculation.pdb" /SUBSYSTEM:CONSOLE /TLBID:1 /DYNAMICBASE /NXCOMPAT /IMPLIB:"C:\JitenderN\REBook\SimpleInterestCalculation\Debug\SimpleInterestCalculation.lib" /MACHINE:X86 Debug\SimpleInterestCalculation.obj
  Debug\stdafx.obj
SimpleInterestCalculation.obj : warning LNK4075: ignoring '/EDITANDCONTINUE' due to '/INCREMENTAL:NO' specification
  SimpleInterestCalculation.vcxproj -> C:\JitenderN\REBook\SimpleInterestCalculation\Debug\SimpleInterestCalculation.exe
Manifest:
  C:\Program Files\Microsoft SDKs\Windows\v7.0A\bin\mt.exe /nologo /verbose /outputresource:"C:\JitenderN\REBook\SimpleInterestCalculation\Debug\SimpleInterestCalculation.exe;#1" /manifest Debug\SimpleInterestCalculation.exe.intermediate.manifest
FinalizeBuildStatus:
  Deleting file "Debug\SimpleInterestCalculation.unsuccessfulbuild".
  Touching "Debug\SimpleInterestCalculation.lastbuildstate".
Done Building Project "C:\JitenderN\REBook\SimpleInterestCalculation\SimpleInterestCalculation\SimpleInterestCalculation.vcxproj" (build target(s)).

Build succeeded.

Time Elapsed 00:00:02.41
