Build started 11/12/2020 3:30:27 AM.
Project "C:\JitenderN\REBook\ReturningValue\ReturningValue\ReturningValue.vcxproj" on node 2 (build target(s)).
InitializeBuildStatus:
  Creating "Debug\ReturningValue.unsuccessfulbuild" because "AlwaysCreate" was specified.
ClCompile:
  C:\Program Files\Microsoft Visual Studio 10.0\VC\bin\CL.exe /c /ZI /nologo /W3 /WX- /Od /Oy- /D WIN32 /D _DEBUG /D _CONSOLE /D _UNICODE /D UNICODE /Gm /EHsc /RTC1 /MDd /GS /fp:precise /Zc:wchar_t /Zc:forScope /Yc"StdAfx.h" /Fp"Debug\ReturningValue.pch" /Fo"Debug\\" /Fd"Debug\vc100.pdb" /Gd /TP /analyze- /errorReport:prompt stdafx.cpp
  stdafx.cpp
  C:\Program Files\Microsoft Visual Studio 10.0\VC\bin\CL.exe /c /ZI /nologo /W3 /WX- /Od /Oy- /D WIN32 /D _DEBUG /D _CONSOLE /D _UNICODE /D UNICODE /Gm /EHsc /RTC1 /MDd /GS /fp:precise /Zc:wchar_t /Zc:forScope /Yu"StdAfx.h" /Fp"Debug\ReturningValue.pch" /Fo"Debug\\" /Fd"Debug\vc100.pdb" /Gd /TP /analyze- /errorReport:prompt ReturningValue.cpp
  ReturningValue.cpp
Link:
  C:\Program Files\Microsoft Visual Studio 10.0\VC\bin\link.exe /ERRORREPORT:PROMPT /OUT:"C:\JitenderN\REBook\ReturningValue\Debug\ReturningValue.exe" /INCREMENTAL:NO /NOLOGO kernel32.lib user32.lib gdi32.lib winspool.lib comdlg32.lib advapi32.lib shell32.lib ole32.lib oleaut32.lib uuid.lib odbc32.lib odbccp32.lib /MANIFEST /ManifestFile:"Debug\ReturningValue.exe.intermediate.manifest" /MANIFESTUAC:"level='asInvoker' uiAccess='false'" /DEBUG /PDB:"C:\JitenderN\REBook\ReturningValue\Debug\ReturningValue.pdb" /SUBSYSTEM:CONSOLE /TLBID:1 /DYNAMICBASE /NXCOMPAT /IMPLIB:"C:\JitenderN\REBook\ReturningValue\Debug\ReturningValue.lib" /MACHINE:X86 Debug\ReturningValue.obj
  Debug\stdafx.obj
ReturningValue.obj : warning LNK4075: ignoring '/EDITANDCONTINUE' due to '/INCREMENTAL:NO' specification
  ReturningValue.vcxproj -> C:\JitenderN\REBook\ReturningValue\Debug\ReturningValue.exe
Manifest:
  C:\Program Files\Microsoft SDKs\Windows\v7.0A\bin\mt.exe /nologo /verbose /outputresource:"C:\JitenderN\REBook\ReturningValue\Debug\ReturningValue.exe;#1" /manifest Debug\ReturningValue.exe.intermediate.manifest
FinalizeBuildStatus:
  Deleting file "Debug\ReturningValue.unsuccessfulbuild".
  Touching "Debug\ReturningValue.lastbuildstate".
Done Building Project "C:\JitenderN\REBook\ReturningValue\ReturningValue\ReturningValue.vcxproj" (build target(s)).

Build succeeded.

Time Elapsed 00:00:01.55
