Build started 8/1/2020 6:40:06 PM.
Project "C:\JitenderN\REBook\printfWithIntegers\printfWithIntegers\printfWithIntegers.vcxproj" on node 2 (build target(s)).
PrepareForBuild:
  Creating directory "C:\JitenderN\REBook\printfWithIntegers\Debug\".
InitializeBuildStatus:
  Creating "Debug\printfWithIntegers.unsuccessfulbuild" because "AlwaysCreate" was specified.
ClCompile:
  C:\Program Files\Microsoft Visual Studio 10.0\VC\bin\CL.exe /c /ZI /nologo /W3 /WX- /Od /Oy- /D WIN32 /D _DEBUG /D _CONSOLE /D _UNICODE /D UNICODE /Gm /EHsc /RTC1 /MDd /GS /fp:precise /Zc:wchar_t /Zc:forScope /Yc"StdAfx.h" /Fp"Debug\printfWithIntegers.pch" /Fo"Debug\\" /Fd"Debug\vc100.pdb" /Gd /TP /analyze- /errorReport:prompt stdafx.cpp
  stdafx.cpp
  C:\Program Files\Microsoft Visual Studio 10.0\VC\bin\CL.exe /c /ZI /nologo /W3 /WX- /Od /Oy- /D WIN32 /D _DEBUG /D _CONSOLE /D _UNICODE /D UNICODE /Gm /EHsc /RTC1 /MDd /GS /fp:precise /Zc:wchar_t /Zc:forScope /Yu"StdAfx.h" /Fp"Debug\printfWithIntegers.pch" /Fo"Debug\\" /Fd"Debug\vc100.pdb" /Gd /TP /analyze- /errorReport:prompt printfWithIntegers.cpp
  printfWithIntegers.cpp
Link:
  C:\Program Files\Microsoft Visual Studio 10.0\VC\bin\link.exe /ERRORREPORT:PROMPT /OUT:"C:\JitenderN\REBook\printfWithIntegers\Debug\printfWithIntegers.exe" /INCREMENTAL:NO /NOLOGO kernel32.lib user32.lib gdi32.lib winspool.lib comdlg32.lib advapi32.lib shell32.lib ole32.lib oleaut32.lib uuid.lib odbc32.lib odbccp32.lib /MANIFEST /ManifestFile:"Debug\printfWithIntegers.exe.intermediate.manifest" /MANIFESTUAC:"level='asInvoker' uiAccess='false'" /DEBUG /PDB:"C:\JitenderN\REBook\printfWithIntegers\Debug\printfWithIntegers.pdb" /SUBSYSTEM:CONSOLE /TLBID:1 /DYNAMICBASE /NXCOMPAT /IMPLIB:"C:\JitenderN\REBook\printfWithIntegers\Debug\printfWithIntegers.lib" /MACHINE:X86 Debug\printfWithIntegers.obj
  Debug\stdafx.obj
printfWithIntegers.obj : warning LNK4075: ignoring '/EDITANDCONTINUE' due to '/INCREMENTAL:NO' specification
  printfWithIntegers.vcxproj -> C:\JitenderN\REBook\printfWithIntegers\Debug\printfWithIntegers.exe
Manifest:
  C:\Program Files\Microsoft SDKs\Windows\v7.0A\bin\mt.exe /nologo /verbose /outputresource:"C:\JitenderN\REBook\printfWithIntegers\Debug\printfWithIntegers.exe;#1" /manifest Debug\printfWithIntegers.exe.intermediate.manifest
FinalizeBuildStatus:
  Deleting file "Debug\printfWithIntegers.unsuccessfulbuild".
  Touching "Debug\printfWithIntegers.lastbuildstate".
Done Building Project "C:\JitenderN\REBook\printfWithIntegers\printfWithIntegers\printfWithIntegers.vcxproj" (build target(s)).

Build succeeded.

Time Elapsed 00:00:01.58
