Build started 8/4/2020 12:29:45 AM.
Project "C:\JitenderN\REBook\printfWithFloat\printfWithFloat\printfWithFloat.vcxproj" on node 2 (build target(s)).
InitializeBuildStatus:
  Creating "Debug\printfWithFloat.unsuccessfulbuild" because "AlwaysCreate" was specified.
ClCompile:
  C:\Program Files\Microsoft Visual Studio 10.0\VC\bin\CL.exe /c /ZI /nologo /W3 /WX- /Od /Oy- /D WIN32 /D _DEBUG /D _CONSOLE /D _UNICODE /D UNICODE /Gm /EHsc /RTC1 /MDd /GS /fp:precise /Zc:wchar_t /Zc:forScope /Yc"StdAfx.h" /Fp"Debug\printfWithFloat.pch" /Fo"Debug\\" /Fd"Debug\vc100.pdb" /Gd /TP /analyze- /errorReport:prompt stdafx.cpp
  stdafx.cpp
  C:\Program Files\Microsoft Visual Studio 10.0\VC\bin\CL.exe /c /ZI /nologo /W3 /WX- /Od /Oy- /D WIN32 /D _DEBUG /D _CONSOLE /D _UNICODE /D UNICODE /Gm /EHsc /RTC1 /MDd /GS /fp:precise /Zc:wchar_t /Zc:forScope /Yu"StdAfx.h" /Fp"Debug\printfWithFloat.pch" /Fo"Debug\\" /Fd"Debug\vc100.pdb" /Gd /TP /analyze- /errorReport:prompt printfWithFloat.cpp
  printfWithFloat.cpp
Link:
  C:\Program Files\Microsoft Visual Studio 10.0\VC\bin\link.exe /ERRORREPORT:PROMPT /OUT:"C:\JitenderN\REBook\printfWithFloat\Debug\printfWithFloat.exe" /INCREMENTAL:NO /NOLOGO kernel32.lib user32.lib gdi32.lib winspool.lib comdlg32.lib advapi32.lib shell32.lib ole32.lib oleaut32.lib uuid.lib odbc32.lib odbccp32.lib /MANIFEST /ManifestFile:"Debug\printfWithFloat.exe.intermediate.manifest" /MANIFESTUAC:"level='asInvoker' uiAccess='false'" /DEBUG /PDB:"C:\JitenderN\REBook\printfWithFloat\Debug\printfWithFloat.pdb" /SUBSYSTEM:CONSOLE /TLBID:1 /DYNAMICBASE /NXCOMPAT /IMPLIB:"C:\JitenderN\REBook\printfWithFloat\Debug\printfWithFloat.lib" /MACHINE:X86 Debug\printfWithFloat.obj
  Debug\stdafx.obj
printfWithFloat.obj : warning LNK4075: ignoring '/EDITANDCONTINUE' due to '/INCREMENTAL:NO' specification
  printfWithFloat.vcxproj -> C:\JitenderN\REBook\printfWithFloat\Debug\printfWithFloat.exe
Manifest:
  C:\Program Files\Microsoft SDKs\Windows\v7.0A\bin\mt.exe /nologo /verbose /outputresource:"C:\JitenderN\REBook\printfWithFloat\Debug\printfWithFloat.exe;#1" /manifest Debug\printfWithFloat.exe.intermediate.manifest
FinalizeBuildStatus:
  Deleting file "Debug\printfWithFloat.unsuccessfulbuild".
  Touching "Debug\printfWithFloat.lastbuildstate".
Done Building Project "C:\JitenderN\REBook\printfWithFloat\printfWithFloat\printfWithFloat.vcxproj" (build target(s)).

Build succeeded.

Time Elapsed 00:00:00.51
