Build started 7/29/2020 1:46:56 AM.
Project "C:\JitenderN\REBook\HelloWorld\HelloWorld\HelloWorld.vcxproj" on node 2 (build target(s)).
PrepareForBuild:
  Creating directory "C:\JitenderN\REBook\HelloWorld\Debug\".
InitializeBuildStatus:
  Creating "Debug\HelloWorld.unsuccessfulbuild" because "AlwaysCreate" was specified.
ClCompile:
  C:\Program Files\Microsoft Visual Studio 10.0\VC\bin\CL.exe /c /ZI /nologo /W3 /WX- /Od /Oy- /D WIN32 /D _DEBUG /D _CONSOLE /D _UNICODE /D UNICODE /Gm /EHsc /RTC1 /MDd /GS /fp:precise /Zc:wchar_t /Zc:forScope /Yc"StdAfx.h" /Fp"Debug\HelloWorld.pch" /Fo"Debug\\" /Fd"Debug\vc100.pdb" /Gd /TP /analyze- /errorReport:prompt stdafx.cpp
  stdafx.cpp
  C:\Program Files\Microsoft Visual Studio 10.0\VC\bin\CL.exe /c /ZI /nologo /W3 /WX- /Od /Oy- /D WIN32 /D _DEBUG /D _CONSOLE /D _UNICODE /D UNICODE /Gm /EHsc /RTC1 /MDd /GS /fp:precise /Zc:wchar_t /Zc:forScope /Yu"StdAfx.h" /Fp"Debug\HelloWorld.pch" /Fo"Debug\\" /Fd"Debug\vc100.pdb" /Gd /TP /analyze- /errorReport:prompt HelloWorld.cpp
  HelloWorld.cpp
Link:
  C:\Program Files\Microsoft Visual Studio 10.0\VC\bin\link.exe /ERRORREPORT:PROMPT /OUT:"C:\JitenderN\REBook\HelloWorld\Debug\HelloWorld.exe" /INCREMENTAL:NO /NOLOGO kernel32.lib user32.lib gdi32.lib winspool.lib comdlg32.lib advapi32.lib shell32.lib ole32.lib oleaut32.lib uuid.lib odbc32.lib odbccp32.lib /MANIFEST /ManifestFile:"Debug\HelloWorld.exe.intermediate.manifest" /MANIFESTUAC:"level='asInvoker' uiAccess='false'" /DEBUG /PDB:"C:\JitenderN\REBook\HelloWorld\Debug\HelloWorld.pdb" /SUBSYSTEM:CONSOLE /TLBID:1 /DYNAMICBASE /NXCOMPAT /IMPLIB:"C:\JitenderN\REBook\HelloWorld\Debug\HelloWorld.lib" /MACHINE:X86 Debug\HelloWorld.obj
  Debug\stdafx.obj
HelloWorld.obj : warning LNK4075: ignoring '/EDITANDCONTINUE' due to '/INCREMENTAL:NO' specification
  HelloWorld.vcxproj -> C:\JitenderN\REBook\HelloWorld\Debug\HelloWorld.exe
Manifest:
  C:\Program Files\Microsoft SDKs\Windows\v7.0A\bin\mt.exe /nologo /verbose /outputresource:"C:\JitenderN\REBook\HelloWorld\Debug\HelloWorld.exe;#1" /manifest Debug\HelloWorld.exe.intermediate.manifest
FinalizeBuildStatus:
  Deleting file "Debug\HelloWorld.unsuccessfulbuild".
  Touching "Debug\HelloWorld.lastbuildstate".
Done Building Project "C:\JitenderN\REBook\HelloWorld\HelloWorld\HelloWorld.vcxproj" (build target(s)).

Build succeeded.

Time Elapsed 00:00:03.29
